TN:
SF:src/RESTAPI.ts
FN:3,SpaceXAPI
FN:6,SpaceXAPI.capsule
FN:8,SpaceXAPI.capsules
FN:10,SpaceXAPI.core
FN:12,SpaceXAPI.cores
FN:14,SpaceXAPI.dragon
FN:16,SpaceXAPI.dragons
FN:18,SpaceXAPI.history
FN:20,SpaceXAPI.histories
FN:22,SpaceXAPI.company
FN:24,SpaceXAPI.landingpad
FN:26,SpaceXAPI.landingpads
FN:28,SpaceXAPI.launch
FN:30,SpaceXAPI.launches
FN:38,SpaceXAPI.launchpad
FN:40,SpaceXAPI.launchpads
FN:42,SpaceXAPI.payload
FN:44,SpaceXAPI.payloads
FN:46,SpaceXAPI.roadster
FN:48,SpaceXAPI.rocket
FN:50,SpaceXAPI.rockets
FN:52,SpaceXAPI.ship
FN:54,SpaceXAPI.ships
FN:56,SpaceXAPI.starlink
FN:58,SpaceXAPI.starlinks
FNF:25
FNH:25
FNDA:17,SpaceXAPI
FNDA:1,SpaceXAPI.capsule
FNDA:1,SpaceXAPI.capsules
FNDA:1,SpaceXAPI.core
FNDA:1,SpaceXAPI.cores
FNDA:1,SpaceXAPI.dragon
FNDA:1,SpaceXAPI.dragons
FNDA:1,SpaceXAPI.history
FNDA:1,SpaceXAPI.histories
FNDA:1,SpaceXAPI.company
FNDA:1,SpaceXAPI.landingpad
FNDA:1,SpaceXAPI.landingpads
FNDA:3,SpaceXAPI.launch
FNDA:4,SpaceXAPI.launches
FNDA:1,SpaceXAPI.launchpad
FNDA:1,SpaceXAPI.launchpads
FNDA:1,SpaceXAPI.payload
FNDA:1,SpaceXAPI.payloads
FNDA:1,SpaceXAPI.roadster
FNDA:1,SpaceXAPI.rocket
FNDA:1,SpaceXAPI.rockets
FNDA:1,SpaceXAPI.ship
FNDA:1,SpaceXAPI.ships
FNDA:1,SpaceXAPI.starlink
FNDA:1,SpaceXAPI.starlinks
DA:1,1
DA:2,1
DA:3,17
DA:4,17
DA:5,17
DA:6,17
DA:7,17
DA:8,17
DA:9,17
DA:10,17
DA:11,17
DA:12,17
DA:13,17
DA:14,17
DA:15,17
DA:16,17
DA:17,17
DA:18,17
DA:19,17
DA:20,17
DA:21,17
DA:22,17
DA:23,17
DA:24,17
DA:25,17
DA:26,17
DA:27,17
DA:28,17
DA:29,17
DA:30,17
DA:31,4
DA:32,4
DA:33,4
DA:34,4
DA:35,4
DA:36,4
DA:37,17
DA:38,17
DA:39,17
DA:40,17
DA:41,17
DA:42,17
DA:43,17
DA:44,17
DA:45,17
DA:46,17
DA:47,17
DA:48,17
DA:49,17
DA:50,17
DA:51,17
DA:52,17
DA:53,17
DA:54,17
DA:55,17
DA:56,17
DA:57,17
DA:58,17
DA:59,17
DA:60,1
DA:61,1
LF:61
LH:61
BRDA:3,0,0,17
BRDA:6,1,0,1
BRDA:8,2,0,1
BRDA:10,3,0,1
BRDA:12,4,0,1
BRDA:14,5,0,1
BRDA:16,6,0,1
BRDA:18,7,0,1
BRDA:20,8,0,1
BRDA:22,9,0,1
BRDA:24,10,0,1
BRDA:26,11,0,1
BRDA:28,12,0,3
BRDA:30,13,0,4
BRDA:33,14,0,1
BRDA:34,15,0,3
BRDA:34,16,0,1
BRDA:35,17,0,3
BRDA:35,18,0,1
BRDA:35,19,0,2
BRDA:33,20,0,2
BRDA:38,21,0,1
BRDA:40,22,0,1
BRDA:42,23,0,1
BRDA:44,24,0,1
BRDA:46,25,0,1
BRDA:48,26,0,1
BRDA:50,27,0,1
BRDA:52,28,0,1
BRDA:54,29,0,1
BRDA:56,30,0,1
BRDA:58,31,0,1
BRF:32
BRH:32
end_of_record
TN:
SF:src/resolvers.ts
FN:3,capsule
FN:5,capsules
FN:8,core
FN:10,cores
FN:13,dragon
FN:15,dragons
FN:18,history
FN:20,histories
FN:23,company
FN:25,landingpad
FN:27,landingpads
FN:30,launch
FN:32,launches
FN:38,launchpad
FN:40,launchpads
FN:43,payload
FN:45,payloads
FN:48,roadster
FN:51,rocket
FN:53,rockets
FN:56,ship
FN:57,ships
FN:60,starlink
FN:62,starlinks
FNF:24
FNH:24
FNDA:1,capsule
FNDA:1,capsules
FNDA:1,core
FNDA:1,cores
FNDA:1,dragon
FNDA:1,dragons
FNDA:1,history
FNDA:1,histories
FNDA:1,company
FNDA:1,landingpad
FNDA:1,landingpads
FNDA:1,launch
FNDA:4,launches
FNDA:1,launchpad
FNDA:1,launchpads
FNDA:1,payload
FNDA:1,payloads
FNDA:1,roadster
FNDA:1,rocket
FNDA:1,rockets
FNDA:1,ship
FNDA:1,ships
FNDA:1,starlink
FNDA:1,starlinks
DA:1,1
DA:2,1
DA:3,1
DA:4,1
DA:5,1
DA:6,1
DA:7,1
DA:8,1
DA:9,1
DA:10,1
DA:11,1
DA:12,1
DA:13,1
DA:14,1
DA:15,1
DA:16,1
DA:17,1
DA:18,1
DA:19,1
DA:20,1
DA:21,1
DA:22,1
DA:23,1
DA:24,1
DA:25,1
DA:26,1
DA:27,1
DA:28,1
DA:29,1
DA:30,1
DA:31,1
DA:32,1
DA:33,4
DA:34,4
DA:35,4
DA:36,1
DA:37,1
DA:38,1
DA:39,1
DA:40,1
DA:41,1
DA:42,1
DA:43,1
DA:44,1
DA:45,1
DA:46,1
DA:47,1
DA:48,1
DA:49,1
DA:50,1
DA:51,1
DA:52,1
DA:53,1
DA:54,1
DA:55,1
DA:56,1
DA:57,1
DA:58,1
DA:59,1
DA:60,1
DA:61,1
DA:62,1
DA:63,1
DA:64,1
DA:65,1
DA:66,1
DA:67,1
LF:67
LH:67
BRDA:3,0,0,1
BRDA:5,1,0,1
BRDA:8,2,0,1
BRDA:10,3,0,1
BRDA:13,4,0,1
BRDA:15,5,0,1
BRDA:18,6,0,1
BRDA:20,7,0,1
BRDA:23,8,0,1
BRDA:25,9,0,1
BRDA:27,10,0,1
BRDA:30,11,0,1
BRDA:32,12,0,4
BRDA:38,13,0,1
BRDA:40,14,0,1
BRDA:43,15,0,1
BRDA:45,16,0,1
BRDA:48,17,0,1
BRDA:51,18,0,1
BRDA:53,19,0,1
BRDA:56,20,0,1
BRDA:57,21,0,1
BRDA:60,22,0,1
BRDA:62,23,0,1
BRF:24
BRH:24
end_of_record
TN:
SF:src/schema.ts
FNF:0
FNH:0
DA:1,1
DA:2,1
DA:3,1
DA:4,1
DA:5,1
DA:6,1
DA:7,1
DA:8,1
DA:9,1
DA:10,1
DA:11,1
DA:12,1
DA:13,1
DA:14,1
DA:15,1
DA:16,1
DA:17,1
DA:18,1
DA:19,1
DA:20,1
DA:21,1
DA:22,1
DA:23,1
DA:24,1
DA:25,1
DA:26,1
DA:27,1
DA:28,1
DA:29,1
DA:30,1
DA:31,1
DA:32,1
DA:33,1
DA:34,1
DA:35,1
DA:36,1
DA:37,1
DA:38,1
DA:39,1
DA:40,1
DA:41,1
DA:42,1
DA:43,1
DA:44,1
DA:45,1
DA:46,1
DA:47,1
DA:48,1
DA:49,1
DA:50,1
DA:51,1
DA:52,1
DA:53,1
DA:54,1
DA:55,1
DA:56,1
DA:57,1
DA:58,1
DA:59,1
DA:60,1
DA:61,1
DA:62,1
DA:63,1
DA:64,1
DA:65,1
DA:66,1
DA:67,1
DA:68,1
DA:69,1
DA:70,1
DA:71,1
DA:72,1
DA:73,1
DA:74,1
DA:75,1
DA:76,1
DA:77,1
DA:78,1
DA:79,1
DA:80,1
DA:81,1
DA:82,1
DA:83,1
DA:84,1
DA:85,1
DA:86,1
DA:87,1
DA:88,1
DA:89,1
DA:90,1
DA:91,1
DA:92,1
DA:93,1
DA:94,1
DA:95,1
DA:96,1
DA:97,1
DA:98,1
DA:99,1
DA:100,1
DA:101,1
DA:102,1
DA:103,1
DA:104,1
DA:105,1
DA:106,1
DA:107,1
DA:108,1
DA:109,1
DA:110,1
DA:111,1
DA:112,1
DA:113,1
DA:114,1
DA:115,1
DA:116,1
DA:117,1
DA:118,1
DA:119,1
DA:120,1
DA:121,1
DA:122,1
DA:123,1
DA:124,1
DA:125,1
DA:126,1
DA:127,1
DA:128,1
DA:129,1
DA:130,1
DA:131,1
DA:132,1
DA:133,1
DA:134,1
DA:135,1
DA:136,1
DA:137,1
DA:138,1
DA:139,1
DA:140,1
DA:141,1
DA:142,1
DA:143,1
DA:144,1
DA:145,1
DA:146,1
DA:147,1
DA:148,1
DA:149,1
DA:150,1
DA:151,1
DA:152,1
DA:153,1
DA:154,1
DA:155,1
DA:156,1
DA:157,1
DA:158,1
DA:159,1
DA:160,1
DA:161,1
DA:162,1
DA:163,1
DA:164,1
DA:165,1
DA:166,1
DA:167,1
DA:168,1
DA:169,1
DA:170,1
DA:171,1
DA:172,1
DA:173,1
DA:174,1
DA:175,1
DA:176,1
DA:177,1
DA:178,1
DA:179,1
DA:180,1
DA:181,1
DA:182,1
DA:183,1
DA:184,1
DA:185,1
DA:186,1
DA:187,1
DA:188,1
DA:189,1
DA:190,1
DA:191,1
DA:192,1
DA:193,1
DA:194,1
DA:195,1
DA:196,1
DA:197,1
DA:198,1
DA:199,1
DA:200,1
DA:201,1
DA:202,1
DA:203,1
DA:204,1
DA:205,1
DA:206,1
DA:207,1
DA:208,1
DA:209,1
DA:210,1
DA:211,1
DA:212,1
DA:213,1
DA:214,1
DA:215,1
DA:216,1
DA:217,1
DA:218,1
DA:219,1
DA:220,1
DA:221,1
DA:222,1
DA:223,1
DA:224,1
DA:225,1
DA:226,1
DA:227,1
DA:228,1
DA:229,1
DA:230,1
DA:231,1
DA:232,1
DA:233,1
DA:234,1
DA:235,1
DA:236,1
DA:237,1
DA:238,1
DA:239,1
DA:240,1
DA:241,1
DA:242,1
DA:243,1
DA:244,1
DA:245,1
DA:246,1
DA:247,1
DA:248,1
DA:249,1
DA:250,1
DA:251,1
DA:252,1
DA:253,1
DA:254,1
DA:255,1
DA:256,1
DA:257,1
DA:258,1
DA:259,1
DA:260,1
DA:261,1
DA:262,1
DA:263,1
DA:264,1
DA:265,1
DA:266,1
DA:267,1
DA:268,1
DA:269,1
DA:270,1
DA:271,1
DA:272,1
DA:273,1
DA:274,1
DA:275,1
DA:276,1
DA:277,1
DA:278,1
DA:279,1
DA:280,1
DA:281,1
DA:282,1
DA:283,1
DA:284,1
DA:285,1
DA:286,1
DA:287,1
DA:288,1
DA:289,1
DA:290,1
DA:291,1
DA:292,1
DA:293,1
DA:294,1
DA:295,1
DA:296,1
DA:297,1
DA:298,1
DA:299,1
DA:300,1
DA:301,1
DA:302,1
DA:303,1
DA:304,1
DA:305,1
DA:306,1
DA:307,1
DA:308,1
DA:309,1
DA:310,1
DA:311,1
DA:312,1
DA:313,1
DA:314,1
DA:315,1
DA:316,1
DA:317,1
DA:318,1
DA:319,1
DA:320,1
DA:321,1
DA:322,1
DA:323,1
DA:324,1
DA:325,1
DA:326,1
DA:327,1
DA:328,1
DA:329,1
DA:330,1
DA:331,1
DA:332,1
DA:333,1
DA:334,1
DA:335,1
DA:336,1
DA:337,1
DA:338,1
DA:339,1
DA:340,1
DA:341,1
DA:342,1
DA:343,1
DA:344,1
DA:345,1
DA:346,1
DA:347,1
DA:348,1
DA:349,1
DA:350,1
DA:351,1
DA:352,1
DA:353,1
DA:354,1
DA:355,1
DA:356,1
DA:357,1
DA:358,1
DA:359,1
DA:360,1
DA:361,1
DA:362,1
DA:363,1
DA:364,1
DA:365,1
DA:366,1
DA:367,1
DA:368,1
DA:369,1
DA:370,1
DA:371,1
DA:372,1
DA:373,1
DA:374,1
DA:375,1
DA:376,1
DA:377,1
DA:378,1
DA:379,1
DA:380,1
DA:381,1
DA:382,1
DA:383,1
DA:384,1
DA:385,1
DA:386,1
DA:387,1
DA:388,1
DA:389,1
DA:390,1
DA:391,1
DA:392,1
DA:393,1
DA:394,1
DA:395,1
DA:396,1
DA:397,1
DA:398,1
DA:399,1
DA:400,1
DA:401,1
DA:402,1
DA:403,1
DA:404,1
DA:405,1
DA:406,1
DA:407,1
DA:408,1
DA:409,1
DA:410,1
DA:411,1
DA:412,1
DA:413,1
DA:414,1
DA:415,1
DA:416,1
DA:417,1
DA:418,1
DA:419,1
DA:420,1
DA:421,1
DA:422,1
DA:423,1
DA:424,1
DA:425,1
DA:426,1
DA:427,1
DA:428,1
DA:429,1
DA:430,1
DA:431,1
DA:432,1
DA:433,1
DA:434,1
DA:435,1
DA:436,1
DA:437,1
DA:438,1
DA:439,1
DA:440,1
DA:441,1
DA:442,1
DA:443,1
DA:444,1
DA:445,1
DA:446,1
DA:447,1
DA:448,1
DA:449,1
DA:450,1
DA:451,1
DA:452,1
DA:453,1
DA:454,1
DA:455,1
DA:456,1
DA:457,1
DA:458,1
DA:459,1
DA:460,1
DA:461,1
DA:462,1
DA:463,1
DA:464,1
DA:465,1
DA:466,1
DA:467,1
DA:468,1
DA:469,1
DA:470,1
DA:471,1
DA:472,1
DA:473,1
DA:474,1
DA:475,1
DA:476,1
DA:477,1
DA:478,1
DA:479,1
DA:480,1
DA:481,1
DA:482,1
DA:483,1
DA:484,1
DA:485,1
DA:486,1
DA:487,1
LF:487
LH:487
BRF:0
BRH:0
end_of_record
TN:
SF:src/server.ts
FN:9,fastifyAppClosePlugin
FN:11,serverWillStart
FN:13,drainServer
FN:21,createApp
FN:26,dataSources
FN:37,main
FNF:6
FNH:4
FNDA:17,fastifyAppClosePlugin
FNDA:17,serverWillStart
FNDA:0,drainServer
FNDA:17,createApp
FNDA:17,dataSources
FNDA:0,main
DA:1,1
DA:2,1
DA:3,1
DA:4,1
DA:5,1
DA:6,1
DA:7,1
DA:8,1
DA:9,17
DA:10,17
DA:11,17
DA:12,17
DA:13,17
DA:14,0
DA:15,17
DA:16,17
DA:17,17
DA:18,17
DA:19,17
DA:20,1
DA:21,1
DA:22,17
DA:23,17
DA:24,17
DA:25,17
DA:26,17
DA:27,17
DA:28,17
DA:29,17
DA:30,17
DA:31,17
DA:32,17
DA:33,17
DA:34,17
DA:35,17
DA:36,1
DA:37,0
DA:38,0
DA:39,0
DA:40,0
DA:41,0
DA:42,0
DA:43,1
DA:44,1
DA:45,0
DA:46,0
LF:46
LH:37
BRDA:44,0,0,0
BRDA:9,1,0,17
BRDA:11,2,0,17
BRDA:21,3,0,17
BRDA:26,4,0,17
BRF:5
BRH:4
end_of_record
